-0.5
0.5
-0.5
0.5
-0.5
0.5
-0.5
0.5
-0.5
0.5
-0.5
0.5
-0.5
0.5
-0.5
0.5
-0.5
0.5
-0.5
0.5
-0.5
all:10 210/21
win:19 57/3
0
0
0
0
0
0
0
0
0
0
Hello world#haha
I=3
F=1.1123
D=1234.12
S=whwhwhahahahdd
c0=1
Ising model initializing ...
8 8 8 8 8 8 8 4 8 8 8 8 8 0 4 8 0 8 -4 4 
8 4 4 4 4 8 4 4 -4 4 0 0 -4 -4 0 8 0 0 0 4 
0 -4 4 4 0 4 4 0 0 0 8 8 4 0 -4 4 0 4 4 4 
-4 -4 -8 0 8 4 0 4 0 0 -4 0 0 4 -4 4 -4 4 0 -4 
4 4 -4 -4 -4 4 4 4 -4 -4 4 0 8 -4 0 4 0 -8 -8 -4 
4 4 0 0 -8 4 -4 0 -4 0 4 -4 0 0 -4 0 4 -4 -4 4 
4 4 4 -8 0 4 4 4 4 8 4 0 8 8 4 -8 -8 4 -4 -8 
0 -4 -4 -4 -4 -4 -4 4 4 4 8 4 0 8 0 0 4 -4 -4 0 
-4 8 0 0 4 -4 4 -4 -4 0 -8 0 8 0 0 -4 0 0 -4 0 
0 -8 -4 0 4 4 0 0 4 0 -4 -4 0 -4 0 -4 -4 8 0 0 
